# JRE version: OpenJDK Runtime Environment (11.0.10) (build 11.0.10+0-b96-7249189)
# Java VM: OpenJDK 64-Bit Server VM (11.0.10+0-b96-7249189, mixed mode, tiered, compressed oops, g1 gc, windows-amd64)
Heap:
 garbage-first heap   total 262144K, used 106441K [0x0000000080000000, 0x0000000100000000)
  region size 1024K, 20 young (20480K), 16 survivors (16384K)
 Metaspace       used 96470K, capacity 99195K, committed 99532K, reserved 1140736K
  class space    used 12192K, capacity 13164K, committed 13260K, reserved 1048576K
GC Heap History (20 events):
Event: 1.835 GC heap before
{Heap before GC invocations=3 (full 0):
 garbage-first heap   total 262144K, used 60887K [0x0000000080000000, 0x0000000100000000)
  region size 1024K, 54 young (55296K), 11 survivors (11264K)
 Metaspace       used 25056K, capacity 25609K, committed 25728K, reserved 1071104K
  class space    used 3252K, capacity 3455K, committed 3456K, reserved 1048576K
}
Event: 1.839 GC heap after
{Heap after GC invocations=4 (full 0):
 garbage-first heap   total 262144K, used 18397K [0x0000000080000000, 0x0000000100000000)
  region size 1024K, 3 young (3072K), 3 survivors (3072K)
 Metaspace       used 25056K, capacity 25609K, committed 25728K, reserved 1071104K
  class space    used 3252K, capacity 3455K, committed 3456K, reserved 1048576K
}
Event: 2.468 GC heap before
{Heap before GC invocations=4 (full 0):
 garbage-first heap   total 262144K, used 84957K [0x0000000080000000, 0x0000000100000000)
  region size 1024K, 70 young (71680K), 3 survivors (3072K)
 Metaspace       used 35025K, capacity 35830K, committed 35840K, reserved 1081344K
  class space    used 4542K, capacity 4864K, committed 4864K, reserved 1048576K
}
Event: 2.475 GC heap after
{Heap after GC invocations=5 (full 0):
 garbage-first heap   total 262144K, used 21802K [0x0000000080000000, 0x0000000100000000)
  region size 1024K, 6 young (6144K), 6 survivors (6144K)
 Metaspace       used 35025K, capacity 35830K, committed 35840K, reserved 1081344K
  class space    used 4542K, capacity 4864K, committed 4864K, reserved 1048576K
}
Event: 3.186 GC heap before
{Heap before GC invocations=6 (full 0):
 garbage-first heap   total 262144K, used 145706K [0x0000000080000000, 0x0000000100000000)
  region size 1024K, 123 young (125952K), 6 survivors (6144K)
 Metaspace       used 44584K, capacity 45711K, committed 45900K, reserved 1089536K
  class space    used 5736K, capacity 6145K, committed 6220K, reserved 1048576K
}
Event: 3.193 GC heap after
{Heap after GC invocations=7 (full 0):
 garbage-first heap   total 262144K, used 28530K [0x0000000080000000, 0x0000000100000000)
  region size 1024K, 12 young (12288K), 12 survivors (12288K)
 Metaspace       used 44584K, capacity 45711K, committed 45900K, reserved 1089536K
  class space    used 5736K, capacity 6145K, committed 6220K, reserved 1048576K
}
Event: 4.194 GC heap before
{Heap before GC invocations=7 (full 0):
 garbage-first heap   total 262144K, used 166770K [0x0000000080000000, 0x0000000100000000)
  region size 1024K, 144 young (147456K), 12 survivors (12288K)
 Metaspace       used 58706K, capacity 60188K, committed 60236K, reserved 1101824K
  class space    used 7435K, capacity 7985K, committed 8012K, reserved 1048576K
}
Event: 4.210 GC heap after
{Heap after GC invocations=8 (full 0):
 garbage-first heap   total 262144K, used 42894K [0x0000000080000000, 0x0000000100000000)
  region size 1024K, 17 young (17408K), 17 survivors (17408K)
 Metaspace       used 58706K, capacity 60188K, committed 60236K, reserved 1101824K
  class space    used 7435K, capacity 7985K, committed 8012K, reserved 1048576K
}
Event: 5.157 GC heap before
{Heap before GC invocations=9 (full 0):
 garbage-first heap   total 262144K, used 182158K [0x0000000080000000, 0x0000000100000000)
  region size 1024K, 153 young (156672K), 17 survivors (17408K)
 Metaspace       used 71397K, capacity 73078K, committed 73164K, reserved 1112064K
  class space    used 9240K, capacity 9868K, committed 9932K, reserved 1048576K
}
Event: 5.168 GC heap after
{Heap after GC invocations=10 (full 0):
 garbage-first heap   total 262144K, used 52889K [0x0000000080000000, 0x0000000100000000)
  region size 1024K, 20 young (20480K), 20 survivors (20480K)
 Metaspace       used 71397K, capacity 73078K, committed 73164K, reserved 1112064K
  class space    used 9240K, capacity 9868K, committed 9932K, reserved 1048576K
}
Event: 6.057 GC heap before
{Heap before GC invocations=10 (full 0):
 garbage-first heap   total 262144K, used 188057K [0x0000000080000000, 0x0000000100000000)
  region size 1024K, 153 young (156672K), 20 survivors (20480K)
 Metaspace       used 81647K, capacity 83918K, committed 84172K, reserved 1122304K
  class space    used 10634K, capacity 11454K, committed 11468K, reserved 1048576K
}
Event: 6.070 GC heap after
{Heap after GC invocations=11 (full 0):
 garbage-first heap   total 262144K, used 63487K [0x0000000080000000, 0x0000000100000000)
  region size 1024K, 20 young (20480K), 20 survivors (20480K)
 Metaspace       used 81647K, capacity 83918K, committed 84172K, reserved 1122304K
  class space    used 10634K, capacity 11454K, committed 11468K, reserved 1048576K
}
Event: 6.901 GC heap before
{Heap before GC invocations=11 (full 0):
 garbage-first heap   total 262144K, used 209919K [0x0000000080000000, 0x0000000100000000)
  region size 1024K, 153 young (156672K), 20 survivors (20480K)
 Metaspace       used 83847K, capacity 86209K, committed 86348K, reserved 1124352K
  class space    used 10848K, capacity 11727K, committed 11852K, reserved 1048576K
}
Event: 6.916 GC heap after
{Heap after GC invocations=12 (full 0):
 garbage-first heap   total 262144K, used 84991K [0x0000000080000000, 0x0000000100000000)
  region size 1024K, 20 young (20480K), 20 survivors (20480K)
 Metaspace       used 83847K, capacity 86209K, committed 86348K, reserved 1124352K
  class space    used 10848K, capacity 11727K, committed 11852K, reserved 1048576K
}
Event: 7.364 GC heap before
{Heap before GC invocations=12 (full 0):
 garbage-first heap   total 262144K, used 214015K [0x0000000080000000, 0x0000000100000000)
  region size 1024K, 132 young (135168K), 20 survivors (20480K)
 Metaspace       used 88378K, capacity 90743K, committed 91084K, reserved 1128448K
  class space    used 11228K, capacity 12106K, committed 12236K, reserved 1048576K
}
Event: 7.374 GC heap after
{Heap after GC invocations=13 (full 0):
 garbage-first heap   total 262144K, used 91449K [0x0000000080000000, 0x0000000100000000)
  region size 1024K, 5 young (5120K), 5 survivors (5120K)
 Metaspace       used 88378K, capacity 90743K, committed 91084K, reserved 1128448K
  class space    used 11228K, capacity 12106K, committed 12236K, reserved 1048576K
}
Event: 7.926 GC heap before
{Heap before GC invocations=13 (full 0):
 garbage-first heap   total 262144K, used 204089K [0x0000000080000000, 0x0000000100000000)
  region size 1024K, 116 young (118784K), 5 survivors (5120K)
 Metaspace       used 93282K, capacity 95729K, committed 95948K, reserved 1132544K
  class space    used 11790K, capacity 12696K, committed 12748K, reserved 1048576K
}
Event: 7.930 GC heap after
{Heap after GC invocations=14 (full 0):
 garbage-first heap   total 262144K, used 91449K [0x0000000080000000, 0x0000000100000000)
  region size 1024K, 5 young (5120K), 5 survivors (5120K)
 Metaspace       used 93282K, capacity 95729K, committed 95948K, reserved 1132544K
  class space    used 11790K, capacity 12696K, committed 12748K, reserved 1048576K
}
Event: 8.300 GC heap before
{Heap before GC invocations=14 (full 0):
 garbage-first heap   total 262144K, used 206137K [0x0000000080000000, 0x0000000100000000)
  region size 1024K, 119 young (121856K), 5 survivors (5120K)
 Metaspace       used 94566K, capacity 97009K, committed 97100K, reserved 1134592K
  class space    used 11926K, capacity 12836K, committed 12876K, reserved 1048576K
}
Event: 8.304 GC heap after
{Heap after GC invocations=15 (full 0):
 garbage-first heap   total 262144K, used 93598K [0x0000000080000000, 0x0000000100000000)
  region size 1024K, 8 young (8192K), 8 survivors (8192K)
 Metaspace       used 94566K, capacity 97009K, committed 97100K, reserved 1134592K
  class space    used 11926K, capacity 12836K, committed 12876K, reserved 1048576K
}

