# JRE version: OpenJDK Runtime Environment (11.0.10) (build 11.0.10+0-b96-7249189)
# Java VM: OpenJDK 64-Bit Server VM (11.0.10+0-b96-7249189, mixed mode, tiered, compressed oops, g1 gc, windows-amd64)
Heap:
 garbage-first heap   total 262144K, used 65041K [0x0000000080000000, 0x0000000100000000)
  region size 1024K, 11 young (11264K), 11 survivors (11264K)
 Metaspace       used 82986K, capacity 85374K, committed 85452K, reserved 1130496K
  class space    used 10822K, capacity 11692K, committed 11724K, reserved 1048576K
GC Heap History (20 events):
Event: 0.450 GC heap before
{Heap before GC invocations=0 (full 0):
 garbage-first heap   total 262144K, used 29696K [0x0000000080000000, 0x0000000100000000)
  region size 1024K, 24 young (24576K), 0 survivors (0K)
 Metaspace       used 10195K, capacity 10367K, committed 10624K, reserved 1058816K
  class space    used 1065K, capacity 1141K, committed 1152K, reserved 1048576K
}
Event: 0.454 GC heap after
{Heap after GC invocations=1 (full 0):
 garbage-first heap   total 262144K, used 9169K [0x0000000080000000, 0x0000000100000000)
  region size 1024K, 3 young (3072K), 3 survivors (3072K)
 Metaspace       used 10195K, capacity 10367K, committed 10624K, reserved 1058816K
  class space    used 1065K, capacity 1141K, committed 1152K, reserved 1048576K
}
Event: 1.534 GC heap before
{Heap before GC invocations=1 (full 0):
 garbage-first heap   total 262144K, used 105425K [0x0000000080000000, 0x0000000100000000)
  region size 1024K, 98 young (100352K), 3 survivors (3072K)
 Metaspace       used 20606K, capacity 21128K, committed 21248K, reserved 1067008K
  class space    used 2520K, capacity 2722K, committed 2816K, reserved 1048576K
}
Event: 1.542 GC heap after
{Heap after GC invocations=2 (full 0):
 garbage-first heap   total 262144K, used 16846K [0x0000000080000000, 0x0000000100000000)
  region size 1024K, 11 young (11264K), 11 survivors (11264K)
 Metaspace       used 20606K, capacity 21128K, committed 21248K, reserved 1067008K
  class space    used 2520K, capacity 2722K, committed 2816K, reserved 1048576K
}
Event: 1.812 GC heap before
{Heap before GC invocations=3 (full 0):
 garbage-first heap   total 262144K, used 57806K [0x0000000080000000, 0x0000000100000000)
  region size 1024K, 51 young (52224K), 11 survivors (11264K)
 Metaspace       used 24599K, capacity 25156K, committed 25472K, reserved 1071104K
  class space    used 3182K, capacity 3388K, committed 3456K, reserved 1048576K
}
Event: 1.818 GC heap after
{Heap after GC invocations=4 (full 0):
 garbage-first heap   total 262144K, used 18385K [0x0000000080000000, 0x0000000100000000)
  region size 1024K, 2 young (2048K), 2 survivors (2048K)
 Metaspace       used 24599K, capacity 25156K, committed 25472K, reserved 1071104K
  class space    used 3182K, capacity 3388K, committed 3456K, reserved 1048576K
}
Event: 2.398 GC heap before
{Heap before GC invocations=4 (full 0):
 garbage-first heap   total 262144K, used 89041K [0x0000000080000000, 0x0000000100000000)
  region size 1024K, 72 young (73728K), 2 survivors (2048K)
 Metaspace       used 35025K, capacity 35834K, committed 35840K, reserved 1081344K
  class space    used 4538K, capacity 4864K, committed 4864K, reserved 1048576K
}
Event: 2.404 GC heap after
{Heap after GC invocations=5 (full 0):
 garbage-first heap   total 262144K, used 21953K [0x0000000080000000, 0x0000000100000000)
  region size 1024K, 6 young (6144K), 6 survivors (6144K)
 Metaspace       used 35025K, capacity 35834K, committed 35840K, reserved 1081344K
  class space    used 4538K, capacity 4864K, committed 4864K, reserved 1048576K
}
Event: 3.047 GC heap before
{Heap before GC invocations=6 (full 0):
 garbage-first heap   total 262144K, used 131521K [0x0000000080000000, 0x0000000100000000)
  region size 1024K, 110 young (112640K), 6 survivors (6144K)
 Metaspace       used 43595K, capacity 44577K, committed 44620K, reserved 1087488K
  class space    used 5581K, capacity 5935K, committed 5964K, reserved 1048576K
}
Event: 3.054 GC heap after
{Heap after GC invocations=7 (full 0):
 garbage-first heap   total 262144K, used 28195K [0x0000000080000000, 0x0000000100000000)
  region size 1024K, 12 young (12288K), 12 survivors (12288K)
 Metaspace       used 43595K, capacity 44577K, committed 44620K, reserved 1087488K
  class space    used 5581K, capacity 5935K, committed 5964K, reserved 1048576K
}
Event: 4.038 GC heap before
{Heap before GC invocations=7 (full 0):
 garbage-first heap   total 262144K, used 164387K [0x0000000080000000, 0x0000000100000000)
  region size 1024K, 142 young (145408K), 12 survivors (12288K)
 Metaspace       used 56271K, capacity 57700K, committed 57932K, reserved 1099776K
  class space    used 7108K, capacity 7649K, committed 7756K, reserved 1048576K
}
Event: 4.047 GC heap after
{Heap after GC invocations=8 (full 0):
 garbage-first heap   total 262144K, used 42252K [0x0000000080000000, 0x0000000100000000)
  region size 1024K, 17 young (17408K), 17 survivors (17408K)
 Metaspace       used 56271K, capacity 57700K, committed 57932K, reserved 1099776K
  class space    used 7108K, capacity 7649K, committed 7756K, reserved 1048576K
}
Event: 4.184 GC heap before
{Heap before GC invocations=8 (full 0):
 garbage-first heap   total 262144K, used 56588K [0x0000000080000000, 0x0000000100000000)
  region size 1024K, 32 young (32768K), 17 survivors (17408K)
 Metaspace       used 58699K, capacity 60171K, committed 60236K, reserved 1101824K
  class space    used 7437K, capacity 8000K, committed 8012K, reserved 1048576K
}
Event: 4.196 GC heap after
{Heap after GC invocations=9 (full 0):
 garbage-first heap   total 262144K, used 43984K [0x0000000080000000, 0x0000000100000000)
  region size 1024K, 12 young (12288K), 12 survivors (12288K)
 Metaspace       used 58699K, capacity 60171K, committed 60236K, reserved 1101824K
  class space    used 7437K, capacity 8000K, committed 8012K, reserved 1048576K
}
Event: 5.241 GC heap before
{Heap before GC invocations=10 (full 0):
 garbage-first heap   total 262144K, used 188368K [0x0000000080000000, 0x0000000100000000)
  region size 1024K, 153 young (156672K), 12 survivors (12288K)
 Metaspace       used 71468K, capacity 73203K, committed 73420K, reserved 1112064K
  class space    used 9256K, capacity 9882K, committed 9932K, reserved 1048576K
}
Event: 5.249 GC heap after
{Heap after GC invocations=11 (full 0):
 garbage-first heap   total 262144K, used 54374K [0x0000000080000000, 0x0000000100000000)
  region size 1024K, 12 young (12288K), 12 survivors (12288K)
 Metaspace       used 71468K, capacity 73203K, committed 73420K, reserved 1112064K
  class space    used 9256K, capacity 9882K, committed 9932K, reserved 1048576K
}
Event: 6.320 GC heap before
{Heap before GC invocations=11 (full 0):
 garbage-first heap   total 262144K, used 196710K [0x0000000080000000, 0x0000000100000000)
  region size 1024K, 152 young (155648K), 12 survivors (12288K)
 Metaspace       used 82673K, capacity 85098K, committed 85452K, reserved 1122304K
  class space    used 10778K, capacity 11621K, committed 11724K, reserved 1048576K
}
Event: 6.331 GC heap after
{Heap after GC invocations=12 (full 0):
 garbage-first heap   total 262144K, used 64896K [0x0000000080000000, 0x0000000100000000)
  region size 1024K, 11 young (11264K), 11 survivors (11264K)
 Metaspace       used 82673K, capacity 85098K, committed 85452K, reserved 1122304K
  class space    used 10778K, capacity 11621K, committed 11724K, reserved 1048576K
}
Event: 6.356 GC heap before
{Heap before GC invocations=12 (full 0):
 garbage-first heap   total 262144K, used 65920K [0x0000000080000000, 0x0000000100000000)
  region size 1024K, 13 young (13312K), 11 survivors (11264K)
 Metaspace       used 82986K, capacity 85374K, committed 85452K, reserved 1128448K
  class space    used 10822K, capacity 11692K, committed 11724K, reserved 1048576K
}
Event: 6.363 GC heap after
{Heap after GC invocations=13 (full 0):
 garbage-first heap   total 262144K, used 65041K [0x0000000080000000, 0x0000000100000000)
  region size 1024K, 11 young (11264K), 11 survivors (11264K)
 Metaspace       used 82986K, capacity 85374K, committed 85452K, reserved 1128448K
  class space    used 10822K, capacity 11692K, committed 11724K, reserved 1048576K
}

