# JRE version: OpenJDK Runtime Environment (11.0.10) (build 11.0.10+0-b96-7249189)
# Java VM: OpenJDK 64-Bit Server VM (11.0.10+0-b96-7249189, mixed mode, tiered, compressed oops, g1 gc, windows-amd64)
Heap:
 garbage-first heap   total 262144K, used 175940K [0x0000000080000000, 0x0000000100000000)
  region size 1024K, 143 young (146432K), 12 survivors (12288K)
 Metaspace       used 70552K, capacity 72297K, committed 72576K, reserved 1112064K
  class space    used 9121K, capacity 9757K, committed 9856K, reserved 1048576K
GC Heap History (14 events):
Event: 0.499 GC heap before
{Heap before GC invocations=0 (full 0):
 garbage-first heap   total 262144K, used 29696K [0x0000000080000000, 0x0000000100000000)
  region size 1024K, 24 young (24576K), 0 survivors (0K)
 Metaspace       used 10177K, capacity 10363K, committed 10624K, reserved 1058816K
  class space    used 1064K, capacity 1141K, committed 1152K, reserved 1048576K
}
Event: 0.502 GC heap after
{Heap after GC invocations=1 (full 0):
 garbage-first heap   total 262144K, used 9088K [0x0000000080000000, 0x0000000100000000)
  region size 1024K, 3 young (3072K), 3 survivors (3072K)
 Metaspace       used 10177K, capacity 10363K, committed 10624K, reserved 1058816K
  class space    used 1064K, capacity 1141K, committed 1152K, reserved 1048576K
}
Event: 1.486 GC heap before
{Heap before GC invocations=1 (full 0):
 garbage-first heap   total 262144K, used 105344K [0x0000000080000000, 0x0000000100000000)
  region size 1024K, 98 young (100352K), 3 survivors (3072K)
 Metaspace       used 20592K, capacity 21124K, committed 21248K, reserved 1067008K
  class space    used 2518K, capacity 2722K, committed 2816K, reserved 1048576K
}
Event: 1.491 GC heap after
{Heap after GC invocations=2 (full 0):
 garbage-first heap   total 262144K, used 16361K [0x0000000080000000, 0x0000000100000000)
  region size 1024K, 11 young (11264K), 11 survivors (11264K)
 Metaspace       used 20592K, capacity 21124K, committed 21248K, reserved 1067008K
  class space    used 2518K, capacity 2722K, committed 2816K, reserved 1048576K
}
Event: 1.754 GC heap before
{Heap before GC invocations=3 (full 0):
 garbage-first heap   total 262144K, used 60393K [0x0000000080000000, 0x0000000100000000)
  region size 1024K, 54 young (55296K), 11 survivors (11264K)
 Metaspace       used 25041K, capacity 25609K, committed 25728K, reserved 1071104K
  class space    used 3250K, capacity 3455K, committed 3456K, reserved 1048576K
}
Event: 1.759 GC heap after
{Heap after GC invocations=4 (full 0):
 garbage-first heap   total 262144K, used 18015K [0x0000000080000000, 0x0000000100000000)
  region size 1024K, 2 young (2048K), 2 survivors (2048K)
 Metaspace       used 25041K, capacity 25609K, committed 25728K, reserved 1071104K
  class space    used 3250K, capacity 3455K, committed 3456K, reserved 1048576K
}
Event: 2.291 GC heap before
{Heap before GC invocations=4 (full 0):
 garbage-first heap   total 262144K, used 84575K [0x0000000080000000, 0x0000000100000000)
  region size 1024K, 69 young (70656K), 2 survivors (2048K)
 Metaspace       used 35006K, capacity 35798K, committed 35840K, reserved 1081344K
  class space    used 4534K, capacity 4832K, committed 4864K, reserved 1048576K
}
Event: 2.295 GC heap after
{Heap after GC invocations=5 (full 0):
 garbage-first heap   total 262144K, used 21562K [0x0000000080000000, 0x0000000100000000)
  region size 1024K, 6 young (6144K), 6 survivors (6144K)
 Metaspace       used 35006K, capacity 35798K, committed 35840K, reserved 1081344K
  class space    used 4534K, capacity 4832K, committed 4864K, reserved 1048576K
}
Event: 2.934 GC heap before
{Heap before GC invocations=6 (full 0):
 garbage-first heap   total 262144K, used 134202K [0x0000000080000000, 0x0000000100000000)
  region size 1024K, 113 young (115712K), 6 survivors (6144K)
 Metaspace       used 43784K, capacity 44806K, committed 44928K, reserved 1087488K
  class space    used 5620K, capacity 5970K, committed 6016K, reserved 1048576K
}
Event: 2.940 GC heap after
{Heap after GC invocations=7 (full 0):
 garbage-first heap   total 262144K, used 27788K [0x0000000080000000, 0x0000000100000000)
  region size 1024K, 12 young (12288K), 12 survivors (12288K)
 Metaspace       used 43784K, capacity 44806K, committed 44928K, reserved 1087488K
  class space    used 5620K, capacity 5970K, committed 6016K, reserved 1048576K
}
Event: 3.890 GC heap before
{Heap before GC invocations=7 (full 0):
 garbage-first heap   total 262144K, used 167052K [0x0000000080000000, 0x0000000100000000)
  region size 1024K, 145 young (148480K), 12 survivors (12288K)
 Metaspace       used 57018K, capacity 58489K, committed 58752K, reserved 1099776K
  class space    used 7206K, capacity 7718K, committed 7808K, reserved 1048576K
}
Event: 3.898 GC heap after
{Heap after GC invocations=8 (full 0):
 garbage-first heap   total 262144K, used 42315K [0x0000000080000000, 0x0000000100000000)
  region size 1024K, 17 young (17408K), 17 survivors (17408K)
 Metaspace       used 57018K, capacity 58489K, committed 58752K, reserved 1099776K
  class space    used 7206K, capacity 7718K, committed 7808K, reserved 1048576K
}
Event: 3.979 GC heap before
{Heap before GC invocations=8 (full 0):
 garbage-first heap   total 262144K, used 49483K [0x0000000080000000, 0x0000000100000000)
  region size 1024K, 25 young (25600K), 17 survivors (17408K)
 Metaspace       used 58484K, capacity 60028K, committed 60160K, reserved 1101824K
  class space    used 7402K, capacity 7954K, committed 8064K, reserved 1048576K
}
Event: 3.989 GC heap after
{Heap after GC invocations=9 (full 0):
 garbage-first heap   total 262144K, used 42820K [0x0000000080000000, 0x0000000100000000)
  region size 1024K, 12 young (12288K), 12 survivors (12288K)
 Metaspace       used 58484K, capacity 60028K, committed 60160K, reserved 1101824K
  class space    used 7402K, capacity 7954K, committed 8064K, reserved 1048576K
}

