# JRE version: OpenJDK Runtime Environment (11.0.13) (build 11.0.13+0-b1751.21-8125866)
# Java VM: OpenJDK 64-Bit Server VM (11.0.13+0-b1751.21-8125866, mixed mode, tiered, compressed oops, g1 gc, windows-amd64)
Heap:
 garbage-first heap   total 262144K, used 184606K [0x0000000080000000, 0x0000000100000000)
  region size 1024K, 54 young (55296K), 3 survivors (3072K)
 Metaspace       used 137539K, capacity 141561K, committed 143952K, reserved 1173504K
  class space    used 16711K, capacity 18183K, committed 19616K, reserved 1048576K
GC Heap History (20 events):
Event: 872.644 GC heap before
{Heap before GC invocations=65 (full 0):
 garbage-first heap   total 262144K, used 177708K [0x0000000080000000, 0x0000000100000000)
  region size 1024K, 55 young (56320K), 1 survivors (1024K)
 Metaspace       used 136008K, capacity 139661K, committed 143184K, reserved 1173504K
  class space    used 16542K, capacity 17875K, committed 19616K, reserved 1048576K
}
Event: 872.666 GC heap after
{Heap after GC invocations=66 (full 0):
 garbage-first heap   total 262144K, used 131551K [0x0000000080000000, 0x0000000100000000)
  region size 1024K, 8 young (8192K), 8 survivors (8192K)
 Metaspace       used 136008K, capacity 139661K, committed 143184K, reserved 1173504K
  class space    used 16542K, capacity 17875K, committed 19616K, reserved 1048576K
}
Event: 873.245 GC heap before
{Heap before GC invocations=67 (full 0):
 garbage-first heap   total 262144K, used 196063K [0x0000000080000000, 0x0000000100000000)
  region size 1024K, 75 young (76800K), 8 survivors (8192K)
 Metaspace       used 136197K, capacity 139870K, committed 143440K, reserved 1173504K
  class space    used 16545K, capacity 17877K, committed 19616K, reserved 1048576K
}
Event: 873.250 GC heap after
{Heap after GC invocations=68 (full 0):
 garbage-first heap   total 262144K, used 129462K [0x0000000080000000, 0x0000000100000000)
  region size 1024K, 4 young (4096K), 4 survivors (4096K)
 Metaspace       used 136197K, capacity 139870K, committed 143440K, reserved 1173504K
  class space    used 16545K, capacity 17877K, committed 19616K, reserved 1048576K
}
Event: 873.276 GC heap before
{Heap before GC invocations=68 (full 0):
 garbage-first heap   total 262144K, used 137654K [0x0000000080000000, 0x0000000100000000)
  region size 1024K, 12 young (12288K), 4 survivors (4096K)
 Metaspace       used 136197K, capacity 139870K, committed 143440K, reserved 1173504K
  class space    used 16545K, capacity 17877K, committed 19616K, reserved 1048576K
}
Event: 873.281 GC heap after
{Heap after GC invocations=69 (full 0):
 garbage-first heap   total 262144K, used 117729K [0x0000000080000000, 0x0000000100000000)
  region size 1024K, 1 young (1024K), 1 survivors (1024K)
 Metaspace       used 136197K, capacity 139870K, committed 143440K, reserved 1173504K
  class space    used 16545K, capacity 17877K, committed 19616K, reserved 1048576K
}
Event: 873.315 GC heap before
{Heap before GC invocations=69 (full 0):
 garbage-first heap   total 262144K, used 122849K [0x0000000080000000, 0x0000000100000000)
  region size 1024K, 8 young (8192K), 1 survivors (1024K)
 Metaspace       used 136201K, capacity 139870K, committed 143440K, reserved 1173504K
  class space    used 16545K, capacity 17877K, committed 19616K, reserved 1048576K
}
Event: 873.318 GC heap after
{Heap after GC invocations=70 (full 0):
 garbage-first heap   total 262144K, used 117775K [0x0000000080000000, 0x0000000100000000)
  region size 1024K, 1 young (1024K), 1 survivors (1024K)
 Metaspace       used 136201K, capacity 139870K, committed 143440K, reserved 1173504K
  class space    used 16545K, capacity 17877K, committed 19616K, reserved 1048576K
}
Event: 900.781 GC heap before
{Heap before GC invocations=71 (full 0):
 garbage-first heap   total 262144K, used 222223K [0x0000000080000000, 0x0000000100000000)
  region size 1024K, 81 young (82944K), 1 survivors (1024K)
 Metaspace       used 136466K, capacity 140119K, committed 143696K, reserved 1173504K
  class space    used 16553K, capacity 17891K, committed 19616K, reserved 1048576K
}
Event: 900.789 GC heap after
{Heap after GC invocations=72 (full 0):
 garbage-first heap   total 262144K, used 130461K [0x0000000080000000, 0x0000000100000000)
  region size 1024K, 11 young (11264K), 11 survivors (11264K)
 Metaspace       used 136466K, capacity 140119K, committed 143696K, reserved 1173504K
  class space    used 16553K, capacity 17891K, committed 19616K, reserved 1048576K
}
Event: 900.790 GC heap before
{Heap before GC invocations=72 (full 0):
 garbage-first heap   total 262144K, used 131485K [0x0000000080000000, 0x0000000100000000)
  region size 1024K, 12 young (12288K), 11 survivors (11264K)
 Metaspace       used 136466K, capacity 140119K, committed 143696K, reserved 1173504K
  class space    used 16553K, capacity 17891K, committed 19616K, reserved 1048576K
}
Event: 900.798 GC heap after
{Heap after GC invocations=73 (full 0):
 garbage-first heap   total 262144K, used 130817K [0x0000000080000000, 0x0000000100000000)
  region size 1024K, 1 young (1024K), 1 survivors (1024K)
 Metaspace       used 136466K, capacity 140119K, committed 143696K, reserved 1173504K
  class space    used 16553K, capacity 17891K, committed 19616K, reserved 1048576K
}
Event: 901.371 GC heap before
{Heap before GC invocations=73 (full 0):
 garbage-first heap   total 262144K, used 204545K [0x0000000080000000, 0x0000000100000000)
  region size 1024K, 74 young (75776K), 1 survivors (1024K)
 Metaspace       used 136634K, capacity 140272K, committed 143696K, reserved 1173504K
  class space    used 16555K, capacity 17894K, committed 19616K, reserved 1048576K
}
Event: 901.379 GC heap after
{Heap after GC invocations=74 (full 0):
 garbage-first heap   total 262144K, used 136968K [0x0000000080000000, 0x0000000100000000)
  region size 1024K, 8 young (8192K), 8 survivors (8192K)
 Metaspace       used 136634K, capacity 140272K, committed 143696K, reserved 1173504K
  class space    used 16555K, capacity 17894K, committed 19616K, reserved 1048576K
}
Event: 1005.523 GC heap before
{Heap before GC invocations=75 (full 0):
 garbage-first heap   total 262144K, used 227080K [0x0000000080000000, 0x0000000100000000)
  region size 1024K, 78 young (79872K), 8 survivors (8192K)
 Metaspace       used 137374K, capacity 141338K, committed 143952K, reserved 1173504K
  class space    used 16684K, capacity 18132K, committed 19616K, reserved 1048576K
}
Event: 1005.532 GC heap after
{Heap after GC invocations=76 (full 0):
 garbage-first heap   total 262144K, used 139829K [0x0000000080000000, 0x0000000100000000)
  region size 1024K, 7 young (7168K), 7 survivors (7168K)
 Metaspace       used 137374K, capacity 141338K, committed 143952K, reserved 1173504K
  class space    used 16684K, capacity 18132K, committed 19616K, reserved 1048576K
}
Event: 1005.557 GC heap before
{Heap before GC invocations=76 (full 0):
 garbage-first heap   total 262144K, used 144949K [0x0000000080000000, 0x0000000100000000)
  region size 1024K, 12 young (12288K), 7 survivors (7168K)
 Metaspace       used 137415K, capacity 141395K, committed 143952K, reserved 1173504K
  class space    used 16693K, capacity 18150K, committed 19616K, reserved 1048576K
}
Event: 1005.568 GC heap after
{Heap after GC invocations=77 (full 0):
 garbage-first heap   total 262144K, used 131558K [0x0000000080000000, 0x0000000100000000)
  region size 1024K, 2 young (2048K), 2 survivors (2048K)
 Metaspace       used 137415K, capacity 141395K, committed 143952K, reserved 1173504K
  class space    used 16693K, capacity 18150K, committed 19616K, reserved 1048576K
}
Event: 1005.686 GC heap before
{Heap before GC invocations=77 (full 0):
 garbage-first heap   total 262144K, used 139750K [0x0000000080000000, 0x0000000100000000)
  region size 1024K, 11 young (11264K), 2 survivors (2048K)
 Metaspace       used 137422K, capacity 141459K, committed 143952K, reserved 1173504K
  class space    used 16693K, capacity 18150K, committed 19616K, reserved 1048576K
}
Event: 1005.695 GC heap after
{Heap after GC invocations=78 (full 0):
 garbage-first heap   total 262144K, used 132382K [0x0000000080000000, 0x0000000100000000)
  region size 1024K, 3 young (3072K), 3 survivors (3072K)
 Metaspace       used 137422K, capacity 141459K, committed 143952K, reserved 1173504K
  class space    used 16693K, capacity 18150K, committed 19616K, reserved 1048576K
}

